<?xml version="1.0" encoding="UTF-8"?>
<testng-results skipped="0" failed="0" ignored="0" total="1" passed="1">
  <reporter-output>
  </reporter-output>
  <suite name="Default suite" duration-ms="48033" started-at="2019-07-13T08:48:35Z" finished-at="2019-07-13T08:49:23Z">
    <groups>
    </groups>
    <test name="Default test" duration-ms="48033" started-at="2019-07-13T08:48:35Z" finished-at="2019-07-13T08:49:23Z">
      <class name="com.selenium.testng.FrameworkTestNg.testTestNgSchenerio">
        <test-method status="PASS" signature="verifyHomepageTitle()[pri:0, instance:com.selenium.testng.FrameworkTestNg.testTestNgSchenerio@1aeed2f]" name="verifyHomepageTitle" duration-ms="48000" started-at="2019-07-13T08:48:35Z" finished-at="2019-07-13T08:49:23Z">
          <reporter-output>
          </reporter-output>
        </test-method> <!-- verifyHomepageTitle -->
      </class> <!-- com.selenium.testng.FrameworkTestNg.testTestNgSchenerio -->
    </test> <!-- Default test -->
  </suite> <!-- Default suite -->
</testng-results>
